{"C:\\Users\\jenni\\Desktop\\ejemplo\\src\\lib\\nameGenerator.js": {"path":"C:\\Users\\jenni\\Desktop\\ejemplo\\src\\lib\\nameGenerator.js","statementMap":{"0":{"start":{"line":1,"column":28},"end":{"line":5,"column":1}},"1":{"start":{"line":7,"column":29},"end":{"line":25,"column":1}},"2":{"start":{"line":28,"column":2},"end":{"line":30,"column":3}},"3":{"start":{"line":29,"column":4},"end":{"line":29,"column":46}},"4":{"start":{"line":31,"column":2},"end":{"line":33,"column":3}},"5":{"start":{"line":32,"column":4},"end":{"line":32,"column":52}},"6":{"start":{"line":35,"column":17},"end":{"line":35,"column":90}},"7":{"start":{"line":37,"column":4},"end":{"line":37,"column":89}},"8":{"start":{"line":38,"column":2},"end":{"line":38,"column":31}},"9":{"start":{"line":42,"column":30},"end":{"line":42,"column":55}},"10":{"start":{"line":43,"column":32},"end":{"line":43,"column":58}}},"fnMap":{"0":{"name":"generateName","decl":{"start":{"line":27,"column":16},"end":{"line":27,"column":28}},"loc":{"start":{"line":27,"column":46},"end":{"line":39,"column":1}},"line":27}},"branchMap":{"0":{"loc":{"start":{"line":28,"column":2},"end":{"line":30,"column":3}},"type":"if","locations":[{"start":{"line":28,"column":2},"end":{"line":30,"column":3}},{"start":{},"end":{}}],"line":28},"1":{"loc":{"start":{"line":31,"column":2},"end":{"line":33,"column":3}},"type":"if","locations":[{"start":{"line":31,"column":2},"end":{"line":33,"column":3}},{"start":{},"end":{}}],"line":31}},"s":{"0":1,"1":1,"2":31,"3":1,"4":30,"5":1,"6":29,"7":29,"8":29,"9":1,"10":1},"f":{"0":31},"b":{"0":[1,30],"1":[1,29]},"inputSourceMap":null,"_coverageSchema":"1a1c01bbd47fc00a2c39e90264f33305004495a9","hash":"309cf89fe4df18991639688e9197e5b6852ca143"}
}
